===== BarBuddy Hot Reload Started at Tue 08/05/2025  9:48:10.99 ===== 
Running npm run web with hot reloading... 

> barbuddyprototype@1.0.0 web
> expo start --web

Starting project at C:\Users\Frank\CascadeProjects\BarBuddyPrototype
Starting Metro Bundler
The following packages should be updated for best compatibility with the installed expo version:
  @react-native-async-storage/async-storage@2.2.0 - expected version: 2.1.2
  @react-native-community/datetimepicker@8.4.2 - expected version: 8.4.1
  expo@53.0.13 - expected version: 53.0.20
  expo-constants@17.1.6 - expected version: ~17.1.7
  expo-font@13.3.1 - expected version: ~13.3.2
  expo-image@2.3.0 - expected version: ~2.4.0
  expo-linking@7.1.5 - expected version: ~7.1.7
  expo-router@5.1.1 - expected version: ~5.1.4
  expo-splash-screen@0.30.9 - expected version: ~0.30.10
  expo-system-ui@5.0.9 - expected version: ~5.0.10
  react-native@0.79.4 - expected version: 0.79.5
  react-native-safe-area-context@5.5.0 - expected version: 5.4.0
Your project may not work correctly until you install the expected versions of the packages.
Waiting on http://localhost:8081
Logs for your project will appear below.
| expo-router/babel is deprecated in favor of babel-preset-expo in SDK 50. To fix the issue, remove "expo-router/babel" from "plugins" in your babel.config.js file.
| expo-router/babel is deprecated in favor of babel-preset-expo in SDK 50. To fix the issue, remove "expo-router/babel" from "plugins" in your babel.config.js file.
| expo-router/babel is deprecated in favor of babel-preset-expo in SDK 50. To fix the issue, remove "expo-router/babel" from "plugins" in your babel.config.js file.
| expo-router/babel is deprecated in favor of babel-preset-expo in SDK 50. To fix the issue, remove "expo-router/babel" from "plugins" in your babel.config.js file.
| expo-router/babel is deprecated in favor of babel-preset-expo in SDK 50. To fix the issue, remove "expo-router/babel" from "plugins" in your babel.config.js file.
| expo-router/babel is deprecated in favor of babel-preset-expo in SDK 50. To fix the issue, remove "expo-router/babel" from "plugins" in your babel.config.js file.
| expo-router/babel is deprecated in favor of babel-preset-expo in SDK 50. To fix the issue, remove "expo-router/babel" from "plugins" in your babel.config.js file.
| expo-router/babel is deprecated in favor of babel-preset-expo in SDK 50. To fix the issue, remove "expo-router/babel" from "plugins" in your babel.config.js file.
| expo-router/babel is deprecated in favor of babel-preset-expo in SDK 50. To fix the issue, remove "expo-router/babel" from "plugins" in your babel.config.js file.
| expo-router/babel is deprecated in favor of babel-preset-expo in SDK 50. To fix the issue, remove "expo-router/babel" from "plugins" in your babel.config.js file.
Web .\custom-entry.js ░░░░░░░░░░░░░░░░  0.0% (0/1)
λ node_modules\expo-router\node\render.js ▓▓▓▓▓░░░░░░░░░░░ 33.4% (185/353)
Web .\custom-entry.js ▓▓▓▓▓▓░░░░░░░░░░ 37.8% (214/348)
λ node_modules\expo-router\node\render.js ▓▓▓▓▓▓▓▓▓▓░░░░░░ 66.5% ( 815/1109)
Web .\custom-entry.js ▓▓▓▓▓▓▓░░░░░░░░░ 49.9% (555/786)
λ node_modules\expo-router\node\render.js ▓▓▓▓▓▓▓▓▓▓▓▓▓░░░ 84.6% (1588/1726)
λ Bundled 12603ms node_modules\expo-router\node\render.js (1892 modules)
Web .\custom-entry.js ▓▓▓▓▓▓▓▓▓▓▓▓▓▓▓░ 97.2% (1582/1605)
λ  WARN  "shadow*" style props are deprecated. Use "boxShadow". 
  console.warn (C:\Users\Frank\CascadeProjects\BarBuddyPrototype\node_modules\@expo\cli\src\start\server\serverLogLikeMetro.ts:152:21)
  warnOnce (C:\Users\Frank\CascadeProjects\BarBuddyPrototype\node_modules\react-native-web\dist\modules\warnOnce\index.js:24:13)
  preprocess (C:\Users\Frank\CascadeProjects\BarBuddyPrototype\node_modules\react-native-web\dist\exports\StyleSheet\preprocess.js:136:13)
  compileAndInsertAtomic (C:\Users\Frank\CascadeProjects\BarBuddyPrototype\node_modules\react-native-web\dist\exports\StyleSheet\index.js:56:34)
  forEach (C:\Users\Frank\CascadeProjects\BarBuddyPrototype\node_modules\react-native-web\dist\exports\StyleSheet\index.js:99:26)
  Function.create (C:\Users\Frank\CascadeProjects\BarBuddyPrototype\node_modules\react-native-web\dist\exports\StyleSheet\index.js:87:23)
  factory (C:\Users\Frank\CascadeProjects\BarBuddyPrototype\node_modules\expo-router\build\views\Sitemap.js:128:42)
  loadModuleImplementation (C:\Users\Frank\CascadeProjects\BarBuddyPrototype\node_modules\metro-runtime\src\polyfills\require.js:277:5)
  guardedLoadModule (C:\Users\Frank\CascadeProjects\BarBuddyPrototype\node_modules\metro-runtime\src\polyfills\require.js:184:12)
λ  LOG  [API Client] Successfully loaded environment config
Failed to initialize log file: UnavailabilityError: The method or property expo-file-system.getInfoAsync is not available on web, are you sure you've linked all the native dependencies properly?
    at Object.getInfoAsync (C:\Users\Frank\CascadeProjects\BarBuddyPrototype\node_modules\expo-file-system\src\FileSystem.ts:69:11)
    at Logger.initLogFile (C:\Users\Frank\CascadeProjects\BarBuddyPrototype\modules\utils\logger.ts:50:41)
    at new Logger (C:\Users\Frank\CascadeProjects\BarBuddyPrototype\modules\utils\logger.ts:31:10)
    at Function.getInstance (C:\Users\Frank\CascadeProjects\BarBuddyPrototype\modules\utils\logger.ts:39:25)
    at factory (C:\Users\Frank\CascadeProjects\BarBuddyPrototype\modules\utils\logger.ts:220:30)
    at loadModuleImplementation (C:\Users\Frank\CascadeProjects\BarBuddyPrototype\node_modules\metro-runtime\src\polyfills\require.js:277:5)
    at guardedLoadModule (C:\Users\Frank\CascadeProjects\BarBuddyPrototype\node_modules\metro-runtime\src\polyfills\require.js:184:12)
    at require (C:\Users\Frank\CascadeProjects\BarBuddyPrototype\node_modules\metro-runtime\src\polyfills\require.js:92:7)
    at factory (C:\Users\Frank\CascadeProjects\BarBuddyPrototype\app\components\DebugLogScreen.tsx:3:1)
    at loadModuleImplementation (C:\Users\Frank\CascadeProjects\BarBuddyPrototype\node_modules\metro-runtime\src\polyfills\require.js:277:5) {
  code: 'ERR_UNAVAILABLE'
}
λ  LOG  [API Client] Running in DEV environment
λ  LOG  [API Client] Cheerios API URL: http://192.168.68.129:8001
λ  LOG  [API Client] API Proxy URL: http://localhost:3000
λ  LOG  [API Client] CloudHub API URL: https://ch-api-dev-ooifid6utq-uc.a.run.app
λ  LOG  [API Client] Using proxy: true
λ  LOG  [API Client] Platform: web
λ  LOG  [Environment] Detected platform: web, isMobile: false
λ  LOG  [Environment] Running in dev environment
λ  LOG  [Environment] Active configuration: {
  env: 'dev',
  apiUrl: 'https://dev-api.example.com',
  proxyUrl: 'http://192.168.68.126:3000',
  cheeriosApiUrl: 'http://192.168.68.126:8001',
  cloudHubApiUrl: 'https://ch-api-dev-ooifid6utq-uc.a.run.app',
  useProxy: true
}
Web .\custom-entry.js ▓▓▓▓▓▓▓▓▓▓▓▓▓▓▓░ 97.2% (1582/1605)
Web Bundled 14986ms custom-entry.js (1627 modules)
Web .\custom-entry.js ▓▓▓▓▓▓▓▓▓▓▓▓▓░░░ 83.8% (1354/1505)
Web Bundled 4247ms custom-entry.js (1628 modules)
 LOG  [web] Logs will appear in the browser console
