===== BarBuddy Web App Started at Tue 07/29/2025 14:50:21.52 ===== 

> barbuddyprototype@1.0.0 web
> expo start --web

Starting project at C:\Users\Frank\CascadeProjects\BarBuddyPrototype
Starting Metro Bundler
The following packages should be updated for best compatibility with the installed expo version:
  @react-native-async-storage/async-storage@2.2.0 - expected version: 2.1.2
  @react-native-community/datetimepicker@8.4.2 - expected version: 8.4.1
  expo@53.0.13 - expected version: 53.0.20
  expo-camera@16.1.10 - expected version: ~16.1.11
  expo-constants@17.1.6 - expected version: ~17.1.7
  expo-font@13.3.1 - expected version: ~13.3.2
  expo-image@2.3.0 - expected version: ~2.4.0
  expo-linking@7.1.5 - expected version: ~7.1.7
  expo-router@5.1.1 - expected version: ~5.1.4
  expo-splash-screen@0.30.9 - expected version: ~0.30.10
  expo-system-ui@5.0.9 - expected version: ~5.0.10
  react-native@0.79.4 - expected version: 0.79.5
  react-native-safe-area-context@5.5.0 - expected version: 5.4.0
Your project may not work correctly until you install the expected versions of the packages.
Waiting on http://localhost:8081
Logs for your project will appear below.
| expo-router/babel is deprecated in favor of babel-preset-expo in SDK 50. To fix the issue, remove "expo-router/babel" from "plugins" in your babel.config.js file.
| expo-router/babel is deprecated in favor of babel-preset-expo in SDK 50. To fix the issue, remove "expo-router/babel" from "plugins" in your babel.config.js file.
λ Bundled 2151ms node_modules\expo-router\node\render.js (1869 modules)
Web .\custom-entry.js ▓▓▓▓▓▓▓▓▓▓▓▓▓▓▓░ 99.9% (1633/1633)
λ  WARN  "shadow*" style props are deprecated. Use "boxShadow". 
  console.warn (C:\Users\Frank\CascadeProjects\BarBuddyPrototype\node_modules\@expo\cli\src\start\server\serverLogLikeMetro.ts:152:21)
  warnOnce (C:\Users\Frank\CascadeProjects\BarBuddyPrototype\node_modules\react-native-web\dist\modules\warnOnce\index.js:24:13)
  preprocess (C:\Users\Frank\CascadeProjects\BarBuddyPrototype\node_modules\react-native-web\dist\exports\StyleSheet\preprocess.js:136:13)
  compileAndInsertAtomic (C:\Users\Frank\CascadeProjects\BarBuddyPrototype\node_modules\react-native-web\dist\exports\StyleSheet\index.js:56:34)
  forEach (C:\Users\Frank\CascadeProjects\BarBuddyPrototype\node_modules\react-native-web\dist\exports\StyleSheet\index.js:99:26)
  Function.create (C:\Users\Frank\CascadeProjects\BarBuddyPrototype\node_modules\react-native-web\dist\exports\StyleSheet\index.js:87:23)
  factory (C:\Users\Frank\CascadeProjects\BarBuddyPrototype\node_modules\expo-router\build\views\Sitemap.js:128:42)
  loadModuleImplementation (C:\Users\Frank\CascadeProjects\BarBuddyPrototype\node_modules\metro-runtime\src\polyfills\require.js:277:5)
  guardedLoadModule (C:\Users\Frank\CascadeProjects\BarBuddyPrototype\node_modules\metro-runtime\src\polyfills\require.js:184:12)
λ  LOG  [API Client] Successfully loaded environment config
Failed to initialize log file: UnavailabilityError: The method or property expo-file-system.getInfoAsync is not available on web, are you sure you've linked all the native dependencies properly?
    at Object.getInfoAsync (C:\Users\Frank\CascadeProjects\BarBuddyPrototype\node_modules\expo-file-system\src\FileSystem.ts:69:11)
    at Logger.initLogFile (C:\Users\Frank\CascadeProjects\BarBuddyPrototype\modules\utils\logger.ts:50:41)
    at new Logger (C:\Users\Frank\CascadeProjects\BarBuddyPrototype\modules\utils\logger.ts:31:10)
    at Function.getInstance (C:\Users\Frank\CascadeProjects\BarBuddyPrototype\modules\utils\logger.ts:39:25)
    at factory (C:\Users\Frank\CascadeProjects\BarBuddyPrototype\modules\utils\logger.ts:220:30)
    at loadModuleImplementation (C:\Users\Frank\CascadeProjects\BarBuddyPrototype\node_modules\metro-runtime\src\polyfills\require.js:277:5)
    at guardedLoadModule (C:\Users\Frank\CascadeProjects\BarBuddyPrototype\node_modules\metro-runtime\src\polyfills\require.js:184:12)
    at require (C:\Users\Frank\CascadeProjects\BarBuddyPrototype\node_modules\metro-runtime\src\polyfills\require.js:92:7)
    at factory (C:\Users\Frank\CascadeProjects\BarBuddyPrototype\app\components\DebugLogScreen.tsx:3:1)
    at loadModuleImplementation (C:\Users\Frank\CascadeProjects\BarBuddyPrototype\node_modules\metro-runtime\src\polyfills\require.js:277:5) {
  code: 'ERR_UNAVAILABLE'
}
λ  LOG  [API Client] Running in DEV environment
λ  LOG  [API Client] Cheerios API URL: http://192.168.68.129:8001
λ  LOG  [API Client] API Proxy URL: http://localhost:3000
λ  LOG  [API Client] CloudHub API URL: https://ch-api-dev-ooifid6utq-uc.a.run.app
λ  LOG  [API Client] Using proxy: true
λ  LOG  [API Client] Platform: web
λ  LOG  [Environment] Detected platform: web, isMobile: false
λ  LOG  [Environment] Running in dev environment
λ  LOG  [Environment] Active configuration: {
  env: 'dev',
  apiUrl: 'https://dev-api.example.com',
  proxyUrl: 'http://192.168.68.126:3000',
  cheeriosApiUrl: 'http://192.168.68.126:8001',
  cloudHubApiUrl: 'https://ch-api-dev-ooifid6utq-uc.a.run.app',
  useProxy: true
}
Web .\custom-entry.js ▓▓▓▓▓▓▓▓▓▓▓▓▓▓▓░ 99.9% (1633/1633)
Web Bundled 4814ms custom-entry.js (1633 modules)
Web Bundled 654ms custom-entry.js (1540 modules)
 LOG  [web] Logs will appear in the browser console
Web .\custom-entry.js ░░░░░░░░░░░░░░░░  0.0% (0/1)
λ Bundled 72ms node_modules\expo-router\node\render.js (1 module)
λ  WARN  "shadow*" style props are deprecated. Use "boxShadow". 
  console.warn (C:\Users\Frank\CascadeProjects\BarBuddyPrototype\node_modules\@expo\cli\src\start\server\serverLogLikeMetro.ts:152:21)
  warnOnce (C:\Users\Frank\CascadeProjects\BarBuddyPrototype\node_modules\react-native-web\dist\modules\warnOnce\index.js:24:13)
  preprocess (C:\Users\Frank\CascadeProjects\BarBuddyPrototype\node_modules\react-native-web\dist\exports\StyleSheet\preprocess.js:136:13)
  compileAndInsertAtomic (C:\Users\Frank\CascadeProjects\BarBuddyPrototype\node_modules\react-native-web\dist\exports\StyleSheet\index.js:56:34)
  forEach (C:\Users\Frank\CascadeProjects\BarBuddyPrototype\node_modules\react-native-web\dist\exports\StyleSheet\index.js:99:26)
  Function.create (C:\Users\Frank\CascadeProjects\BarBuddyPrototype\node_modules\react-native-web\dist\exports\StyleSheet\index.js:87:23)
  factory (C:\Users\Frank\CascadeProjects\BarBuddyPrototype\node_modules\expo-router\build\views\Sitemap.js:128:42)
  loadModuleImplementation (C:\Users\Frank\CascadeProjects\BarBuddyPrototype\node_modules\metro-runtime\src\polyfills\require.js:277:5)
  guardedLoadModule (C:\Users\Frank\CascadeProjects\BarBuddyPrototype\node_modules\metro-runtime\src\polyfills\require.js:184:12)
λ  LOG  [API Client] Successfully loaded environment config
Failed to initialize log file: UnavailabilityError: The method or property expo-file-system.getInfoAsync is not available on web, are you sure you've linked all the native dependencies properly?
    at Object.getInfoAsync (C:\Users\Frank\CascadeProjects\BarBuddyPrototype\node_modules\expo-file-system\src\FileSystem.ts:69:11)
    at Logger.initLogFile (C:\Users\Frank\CascadeProjects\BarBuddyPrototype\modules\utils\logger.ts:50:41)
    at new Logger (C:\Users\Frank\CascadeProjects\BarBuddyPrototype\modules\utils\logger.ts:31:10)
    at Function.getInstance (C:\Users\Frank\CascadeProjects\BarBuddyPrototype\modules\utils\logger.ts:39:25)
    at factory (C:\Users\Frank\CascadeProjects\BarBuddyPrototype\modules\utils\logger.ts:220:30)
    at loadModuleImplementation (C:\Users\Frank\CascadeProjects\BarBuddyPrototype\node_modules\metro-runtime\src\polyfills\require.js:277:5)
    at guardedLoadModule (C:\Users\Frank\CascadeProjects\BarBuddyPrototype\node_modules\metro-runtime\src\polyfills\require.js:184:12)
    at require (C:\Users\Frank\CascadeProjects\BarBuddyPrototype\node_modules\metro-runtime\src\polyfills\require.js:92:7)
    at factory (C:\Users\Frank\CascadeProjects\BarBuddyPrototype\app\components\DebugLogScreen.tsx:3:1)
    at loadModuleImplementation (C:\Users\Frank\CascadeProjects\BarBuddyPrototype\node_modules\metro-runtime\src\polyfills\require.js:277:5) {
  code: 'ERR_UNAVAILABLE'
}
λ  LOG  [API Client] Running in DEV environment
λ  LOG  [API Client] Cheerios API URL: http://192.168.68.129:8001
λ  LOG  [API Client] API Proxy URL: http://localhost:3000
λ  LOG  [API Client] CloudHub API URL: https://ch-api-dev-ooifid6utq-uc.a.run.app
λ  LOG  [API Client] Using proxy: true
λ  LOG  [API Client] Platform: web
λ  LOG  [Environment] Detected platform: web, isMobile: false
λ  LOG  [Environment] Running in dev environment
λ  LOG  [Environment] Active configuration: {
  env: 'dev',
  apiUrl: 'https://dev-api.example.com',
  proxyUrl: 'http://192.168.68.126:3000',
  cheeriosApiUrl: 'http://192.168.68.126:8001',
  cloudHubApiUrl: 'https://ch-api-dev-ooifid6utq-uc.a.run.app',
  useProxy: true
}
Web .\custom-entry.js ░░░░░░░░░░░░░░░░  0.0% (0/1)
Web Bundled 1044ms custom-entry.js (1 module)
Android .\custom-entry.js ░░░░░░░░░░░░░░░░  0.0% (0/1)
| expo-router/babel is deprecated in favor of babel-preset-expo in SDK 50. To fix the issue, remove "expo-router/babel" from "plugins" in your babel.config.js file.
| expo-router/babel is deprecated in favor of babel-preset-expo in SDK 50. To fix the issue, remove "expo-router/babel" from "plugins" in your babel.config.js file.
| expo-router/babel is deprecated in favor of babel-preset-expo in SDK 50. To fix the issue, remove "expo-router/babel" from "plugins" in your babel.config.js file.
| expo-router/babel is deprecated in favor of babel-preset-expo in SDK 50. To fix the issue, remove "expo-router/babel" from "plugins" in your babel.config.js file.
| expo-router/babel is deprecated in favor of babel-preset-expo in SDK 50. To fix the issue, remove "expo-router/babel" from "plugins" in your babel.config.js file.
| expo-router/babel is deprecated in favor of babel-preset-expo in SDK 50. To fix the issue, remove "expo-router/babel" from "plugins" in your babel.config.js file.
| expo-router/babel is deprecated in favor of babel-preset-expo in SDK 50. To fix the issue, remove "expo-router/babel" from "plugins" in your babel.config.js file.
| expo-router/babel is deprecated in favor of babel-preset-expo in SDK 50. To fix the issue, remove "expo-router/babel" from "plugins" in your babel.config.js file.
Android .\custom-entry.js ▓▓▓▓░░░░░░░░░░░░ 26.9% (314/694)
Android .\custom-entry.js ▓▓▓▓▓▓▓▓░░░░░░░░ 54.3% (1205/1635)
Android Bundled 10067ms custom-entry.js (1921 modules)
 LOG  [Window Polyfill] Enhanced window polyfill loaded for React Native environment
 LOG  [API Client] Successfully loaded environment config
 LOG  [API Client] Running in MOBILE environment
 LOG  [API Client] Cheerios API URL: https://ntnservices.dev.buzztime.com
 LOG  [API Client] API Proxy URL:
 LOG  [API Client] CloudHub API URL: https://ch-api-dev-ooifid6utq-uc.a.run.app
 LOG  [API Client] Using proxy: false
 LOG  [API Client] Platform: android
 LOG  [Environment] Detected platform: android, isMobile: true
 LOG  [Environment] Running on mobile device, using mobile environment
 LOG  [Environment] Active configuration: {"apiUrl": "https://dev-api.example.com", "cheeriosApiUrl": "https://ch-api-dev-ooifid6utq-uc.a.run.app", "cloudHubApiUrl": "https://ch-api-dev-ooifid6utq-uc.a.run.app", "env": "mobile", "proxyUrl": "", "useProxy": false}
 LOG  [RootLayout] Auth state changed: {"currentSegment": undefined, "error": null, "hasUser": false, "isAuthenticated": false, "isLoading": true}
 LOG  [RootLayout] Initial loading, skipping navigation
 LOG  [useAuth] Initializing auth state check
 LOG  [useAuth] Initializing global auth state reference
 LOG  [useAuth] Adding storage event listener (web only)
 LOG  [Window Polyfill] addEventListener called for event: storage
 LOG  [useAuth] Checking if user is authenticated
 LOG  [AuthService] Checking if user is authenticated
 LOG  [API Client] Getting auth token, in-memory token exists: false
 LOG  [API Client] No in-memory token, checking storage
 LOG  Environment loaded successfully: {"apiUrl": "https://dev-api.example.com", "cheeriosApiUrl": "https://ch-api-dev-ooifid6utq-uc.a.run.app", "cloudHubApiUrl": "https://ch-api-dev-ooifid6utq-uc.a.run.app", "proxyUrl": "", "useProxy": false}
 LOG  Platform: android, Version: 30, is mobile: true
 LOG  API URLs: {"cheerios": "https://ch-api-dev-ooifid6utq-uc.a.run.app", "cloudHub": "https://ch-api-dev-ooifid6utq-uc.a.run.app"}
 LOG  [API Client] Token from storage exists: true
 LOG  [AuthService] Auth token exists: true
 LOG  [useAuth] Authentication check result: true
 LOG  [useAuth] User is authenticated, getting user profile
 LOG  [useAuth] Got user profile: {"displayName": "PHRANC", "hasProfile": true, "playerId": 30313905, "userId": "30313905"}
 LOG  [useAuth] User profile found, updating auth state
 LOG  [useAuth] Stored user in sessionStorage during auth check
 LOG  [TabLayout] Rendering tab layout
 LOG  [HomeScreen] Auth state: {"hasGlobalUser": true, "hasStateUser": true, "isAuthenticated": true, "isLoading": false, "usingGlobalUser": false}
 LOG  [HomeScreen] User data: {"displayName": "PHRANC", "mobileDisplayName": "Phranc", "playerId": 30313905, "userName": "Phranc"}
 LOG  [DEBUG] Requesting buddies with URL: /barbuddies/user_buddies/?UserID=30313905
 LOG  [API Client] Making GET request to endpoint: /barbuddies/user_buddies/?UserID=30313905
 LOG  [API Client] Getting base URL for endpoint: /barbuddies/user_buddies/?UserID=30313905
 LOG  [API Client] USE_PROXY: false, Platform: android
 LOG  [API Client] Using Cheerios API URL for other endpoints: https://ntnservices.dev.buzztime.com
 LOG  [API Client] Getting base URL for endpoint: /barbuddies/user_buddies/?UserID=30313905
 LOG  [API Client] USE_PROXY: false, Platform: android
 LOG  [API Client] Using Cheerios API URL for other endpoints: https://ntnservices.dev.buzztime.com
 LOG  [API Client] Full URL: https://ntnservices.dev.buzztime.com/barbuddies/user_buddies/?UserID=30313905
 LOG  [API Client] Getting auth token, in-memory token exists: true
 LOG  [HomeScreen] Tab focused
 LOG  [RootLayout] Auth state changed: {"currentSegment": undefined, "error": null, "hasUser": true, "isAuthenticated": true, "isLoading": false}
 LOG  [RootLayout] Auth state changed from null to true
 LOG  [RootLayout] Already in tabs, no navigation needed
 LOG  [RootLayout] Auth state changed: {"currentSegment": "(tabs)", "error": null, "hasUser": true, "isAuthenticated": true, "isLoading": false}
 LOG  [RootLayout] Skipping navigation, last navigation was 173ms ago
 LOG  [API Client] Adding Auth-Token header
 LOG  [API Client] Request headers: {"Accept": "application/json", "Auth-Token": "af3e5573661448608a723fb025d86b51", "Content-Type": "application/json"}
 LOG  [API Client] Response status: 200
 LOG  [API Client] Response data: [[{"id": "30345953", "isOnline": false, "lastPlayDate": "2025-06-13T00:00:00", "location": "Hank Inn PC P - Carlsbad, CA", "username": "JUAN"}], [{"hasMore": false, "nextCursor": null, "totalCount": 1}]]
 LOG  [DEBUG] Buddies API response: {"data":[[{"id":"30345953","username":"JUAN","location":"Hank Inn PC P - Carlsbad, CA","lastPlayDate":"2025-06-13T00:00:00","isOnline":false}],[{"nextCursor":null,"totalCount":1,"hasMore":false}]],"status":200,"headers":{"allow":"GET, HEAD, OPTIONS","connection":"close","content-type":"application/json","date":"Wed, 30 Jul 2025 14:45:56 GMT","server":"nginx","transfer-encoding":"chunked","vary":"Cookie","x-content-type-options":"nosniff","x-frame-options":"SAMEORIGIN, DENY"},"config":{"transitional":{"silentJSONParsing":true,"forcedJSONParsing":true,"clarifyTimeoutError":false},"adapter":["xhr","http","fetch"],"transformRequest":[null],"transformResponse":[null],"timeout":30000,"xsrfCookieName":"XSRF-TOKEN","xsrfHeaderName":"X-XSRF-TOKEN","maxContentLength":-1,"maxBodyLength":-1,"env":{},"headers":{"Accept":"application/json","Content-Type":"application/json","Auth-Token":"af3e5573661448608a723fb025d86b51"},"method":"get","url":"https://ntnservices.dev.buzztime.com/barbuddies/user_buddies/?UserID=30313905","allowAbsoluteUrls":true},"request":{"UNSENT":0,"OPENED":1,"HEADERS_RECEIVED":2,"LOADING":3,"DONE":4,"readyState":4,"status":200,"timeout":30000,"withCredentials":true,"upload":{},"_aborted":false,"_hasError":false,"_method":"GET","_perfKey":"network_XMLHttpRequest_https://ntnservices.dev.buzztime.com/barbuddies/user_buddies/?UserID=30313905","_response":"[[{\"id\":\"30345953\",\"username\":\"JUAN\",\"location\":\"Hank Inn PC P - Carlsbad, CA\",\"lastPlayDate\":\"2025-06-13T00:00:00\",\"isOnline\":false}],[{\"nextCursor\":null,\"totalCount\":1,\"hasMore\":false}]]","_url":"https://ntnservices.dev.buzztime.com/barbuddies/user_buddies/?UserID=30313905","_timedOut":false,"_trackingName":null,"_incrementalEvents":false,"_startTime":11682306.6547,"_performanceLogger":{"_timespans":{"network_XMLHttpRequest_https://ntnservices.dev.buzztime.com/barbuddies/user_buddies/?UserID=30313905":{"startTime":11682306.6329,"endTime":11682682.5553,"totalTime":375.9223999995738}},"_extras":{},"_points":{"initializeCore_start":11679267.5928,"initializeCore_end":11679882.7996},"_pointExtras":{},"_closed":false},"responseHeaders":{"Transfer-Encoding":"chunked","Content-Type":"application/json","Allow":"GET, HEAD, OPTIONS","Date":"Wed, 30 Jul 2025 14:45:56 GMT","Connection":"close","X-Frame-Options":"SAMEORIGIN, DENY","Vary":"Cookie","X-Content-Type-Options":"nosniff","Server":"nginx"},"_requestId":null,"_headers":{"accept":"application/json","auth-token":"af3e5573661448608a723fb025d86b51"},"_responseType":"","_sent":true,"_lowerCaseResponseHeaders":{"transfer-encoding":"chunked","content-type":"application/json","allow":"GET, HEAD, OPTIONS","date":"Wed, 30 Jul 2025 14:45:56 GMT","connection":"close","x-frame-options":"SAMEORIGIN, DENY","vary":"Cookie","x-content-type-options":"nosniff","server":"nginx"},"_subscriptions":[],"responseURL":"https://ntnservices.dev.buzztime.com/barbuddies/user_buddies/?UserID=30313905"}}
 LOG  [DEBUG] Buddies data: [[{"id":"30345953","username":"JUAN","location":"Hank Inn PC P - Carlsbad, CA","lastPlayDate":"2025-06-13T00:00:00","isOnline":false}],[{"nextCursor":null,"totalCount":1,"hasMore":false}]]
 LOG  [DEBUG] Buddies list: [{"id":"30345953","username":"JUAN","location":"Hank Inn PC P - Carlsbad, CA","lastPlayDate":"2025-06-13T00:00:00","isOnline":false}]
 LOG  [DEBUG] Has buddies: true
 LOG  [DEBUG] Requesting stories with URL: /barbuddies/stories/?UserID=30313905
 LOG  [API Client] Making GET request to endpoint: /barbuddies/stories/?UserID=30313905
 LOG  [API Client] Getting base URL for endpoint: /barbuddies/stories/?UserID=30313905
 LOG  [API Client] USE_PROXY: false, Platform: android
 LOG  [API Client] Using Cheerios API URL for other endpoints: https://ntnservices.dev.buzztime.com
 LOG  [API Client] Getting base URL for endpoint: /barbuddies/stories/?UserID=30313905
 LOG  [API Client] USE_PROXY: false, Platform: android
 LOG  [API Client] Using Cheerios API URL for other endpoints: https://ntnservices.dev.buzztime.com
 LOG  [API Client] Full URL: https://ntnservices.dev.buzztime.com/barbuddies/stories/?UserID=30313905
 LOG  [API Client] Getting auth token, in-memory token exists: true
 LOG  [API Client] Adding Auth-Token header
 LOG  [API Client] Request headers: {"Accept": "application/json", "Auth-Token": "af3e5573661448608a723fb025d86b51", "Content-Type": "application/json"}
 LOG  [API Client] Response status: 200
 LOG  [API Client] Response data: {"pagination": {}, "stories": [{"CreatedDate": "2025-07-09T07:52:42.277", "IsLocationHidden": false, "LocationID": "1080", "LocationName": "Hank Inn PC P", "ModifiedDate": null, "PhotoURL": null, "PostContent": "Don't eat the clams. ", "PostID": 12, "PostType": "checkin", "Status": "active", "UserID": 30313905, "Username": "PHRANC"}, {"CreatedDate": "2025-07-09T07:51:56.920", "IsLocationHidden": false, "LocationID": "1080", "LocationName": "Hank Inn PC P", "ModifiedDate": null, "PhotoURL": null, "PostContent": "great place, nice kitchen ", "PostID": 11, "PostType": "checkin", "Status": "active", "UserID": 30345953, "Username": "JUAN"}]}
 LOG  [DEBUG] Stories API raw response: {"data":{"stories":[{"PostID":12,"UserID":30313905,"Username":"PHRANC","PostType":"checkin","PostContent":"Don't eat the clams. ","LocationID":"1080","LocationName":"Hank Inn PC P","IsLocationHidden":false,"PhotoURL":null,"CreatedDate":"2025-07-09T07:52:42.277","ModifiedDate":null,"Status":"active"},{"PostID":11,"UserID":30345953,"Username":"JUAN","PostType":"checkin","PostContent":"great place, nice kitchen ","LocationID":"1080","LocationName":"Hank Inn PC P","IsLocationHidden":false,"PhotoURL":null,"CreatedDate":"2025-07-09T07:51:56.920","ModifiedDate":null,"Status":"active"}],"pagination":{}},"status":200,"headers":{"allow":"GET, HEAD, OPTIONS","connection":"close","content-type":"application/json","date":"Wed, 30 Jul 2025 14:45:56 GMT","server":"nginx","vary":"Accept-Encoding, Cookie","x-content-type-options":"nosniff","x-frame-options":"SAMEORIGIN, DENY"},"config":{"transitional":{"silentJSONParsing":true,"forcedJSONParsing":true,"clarifyTimeoutError":false},"adapter":["xhr","http","fetch"],"transformRequest":[null],"transformResponse":[null],"timeout":30000,"xsrfCookieName":"XSRF-TOKEN","xsrfHeaderName":"X-XSRF-TOKEN","maxContentLength":-1,"maxBodyLength":-1,"env":{},"headers":{"Accept":"application/json","Content-Type":"application/json","Auth-Token":"af3e5573661448608a723fb025d86b51"},"method":"get","url":"https://ntnservices.dev.buzztime.com/barbuddies/stories/?UserID=30313905","allowAbsoluteUrls":true},"request":{"UNSENT":0,"OPENED":1,"HEADERS_RECEIVED":2,"LOADING":3,"DONE":4,"readyState":4,"status":200,"timeout":30000,"withCredentials":true,"upload":{},"_aborted":false,"_hasError":false,"_method":"GET","_perfKey":"network_XMLHttpRequest_https://ntnservices.dev.buzztime.com/barbuddies/stories/?UserID=30313905","_response":"{\"stories\":[{\"PostID\":12,\"UserID\":30313905,\"Username\":\"PHRANC\",\"PostType\":\"checkin\",\"PostContent\":\"Don't eat the clams. \",\"LocationID\":\"1080\",\"LocationName\":\"Hank Inn PC P\",\"IsLocationHidden\":false,\"PhotoURL\":null,\"CreatedDate\":\"2025-07-09T07:52:42.277\",\"ModifiedDate\":null,\"Status\":\"active\"},{\"PostID\":11,\"UserID\":30345953,\"Username\":\"JUAN\",\"PostType\":\"checkin\",\"PostContent\":\"great place, nice kitchen \",\"LocationID\":\"1080\",\"LocationName\":\"Hank Inn PC P\",\"IsLocationHidden\":false,\"PhotoURL\":null,\"CreatedDate\":\"2025-07-09T07:51:56.920\",\"ModifiedDate\":null,\"Status\":\"active\"}],\"pagination\":{}}","_url":"https://ntnservices.dev.buzztime.com/barbuddies/stories/?UserID=30313905","_timedOut":false,"_trackingName":null,"_incrementalEvents":false,"_startTime":11682743.2836,"_performanceLogger":{"_timespans":{"network_XMLHttpRequest_https://ntnservices.dev.buzztime.com/barbuddies/user_buddies/?UserID=30313905":{"startTime":11682306.6329,"endTime":11682682.5553,"totalTime":375.9223999995738},"network_XMLHttpRequest_https://ntnservices.dev.buzztime.com/barbuddies/stories/?UserID=30313905":{"startTime":11682743.2685,"endTime":11682989.7222,"totalTime":246.4537000004202}},"_extras":{},"_points":{"initializeCore_start":11679267.5928,"initializeCore_end":11679882.7996},"_pointExtras":{},"_closed":false},"responseHeaders":{"Content-Type":"application/json","Allow":"GET, HEAD, OPTIONS","Date":"Wed, 30 Jul 2025 14:45:56 GMT","Connection":"close","X-Frame-Options":"SAMEORIGIN, DENY","Vary":"Accept-Encoding, Cookie","X-Content-Type-Options":"nosniff","Server":"nginx"},"_requestId":null,"_headers":{"accept":"application/json","auth-token":"af3e5573661448608a723fb025d86b51"},"_responseType":"","_sent":true,"_lowerCaseResponseHeaders":{"content-type":"application/json","allow":"GET, HEAD, OPTIONS","date":"Wed, 30 Jul 2025 14:45:56 GMT","connection":"close","x-frame-options":"SAMEORIGIN, DENY","vary":"Accept-Encoding, Cookie","x-content-type-options":"nosniff","server":"nginx"},"_subscriptions":[],"responseURL":"https://ntnservices.dev.buzztime.com/barbuddies/stories/?UserID=30313905"}}
 LOG  [DEBUG] Stories response data: {"stories":[{"PostID":12,"UserID":30313905,"Username":"PHRANC","PostType":"checkin","PostContent":"Don't eat the clams. ","LocationID":"1080","LocationName":"Hank Inn PC P","IsLocationHidden":false,"PhotoURL":null,"CreatedDate":"2025-07-09T07:52:42.277","ModifiedDate":null,"Status":"active"},{"PostID":11,"UserID":30345953,"Username":"JUAN","PostType":"checkin","PostContent":"great place, nice kitchen ","LocationID":"1080","LocationName":"Hank Inn PC P","IsLocationHidden":false,"PhotoURL":null,"CreatedDate":"2025-07-09T07:51:56.920","ModifiedDate":null,"Status":"active"}],"pagination":{}}
 LOG  [DEBUG] Stories list (object format): [{"PostID":12,"UserID":30313905,"Username":"PHRANC","PostType":"checkin","PostContent":"Don't eat the clams. ","LocationID":"1080","LocationName":"Hank Inn PC P","IsLocationHidden":false,"PhotoURL":null,"CreatedDate":"2025-07-09T07:52:42.277","ModifiedDate":null,"Status":"active"},{"PostID":11,"UserID":30345953,"Username":"JUAN","PostType":"checkin","PostContent":"great place, nice kitchen ","LocationID":"1080","LocationName":"Hank Inn PC P","IsLocationHidden":false,"PhotoURL":null,"CreatedDate":"2025-07-09T07:51:56.920","ModifiedDate":null,"Status":"active"}]
 LOG  [DEBUG] Has stories: true
 LOG  [API Client] Making GET request to endpoint: /barbuddies/stories/?UserID=30313905&limit=10
 LOG  [API Client] Getting base URL for endpoint: /barbuddies/stories/?UserID=30313905&limit=10
 LOG  [API Client] USE_PROXY: false, Platform: android
 LOG  [API Client] Using Cheerios API URL for other endpoints: https://ntnservices.dev.buzztime.com
 LOG  [API Client] Getting base URL for endpoint: /barbuddies/stories/?UserID=30313905&limit=10
 LOG  [API Client] USE_PROXY: false, Platform: android
 LOG  [API Client] Using Cheerios API URL for other endpoints: https://ntnservices.dev.buzztime.com
 LOG  [API Client] Full URL: https://ntnservices.dev.buzztime.com/barbuddies/stories/?UserID=30313905&limit=10
 LOG  [API Client] Getting auth token, in-memory token exists: true
 LOG  [API Client] Adding Auth-Token header
 LOG  [API Client] Request headers: {"Accept": "application/json", "Auth-Token": "af3e5573661448608a723fb025d86b51", "Content-Type": "application/json"}
 LOG  [API Client] Response status: 200
 LOG  [API Client] Response data: {"pagination": {}, "stories": [{"CreatedDate": "2025-07-09T07:52:42.277", "IsLocationHidden": false, "LocationID": "1080", "LocationName": "Hank Inn PC P", "ModifiedDate": null, "PhotoURL": null, "PostContent": "Don't eat the clams. ", "PostID": 12, "PostType": "checkin", "Status": "active", "UserID": 30313905, "Username": "PHRANC"}, {"CreatedDate": "2025-07-09T07:51:56.920", "IsLocationHidden": false, "LocationID": "1080", "LocationName": "Hank Inn PC P", "ModifiedDate": null, "PhotoURL": null, "PostContent": "great place, nice kitchen ", "PostID": 11, "PostType": "checkin", "Status": "active", "UserID": 30345953, "Username": "JUAN"}]}
 LOG  [DEBUG] UserStories - API response: {"data":{"stories":[{"PostID":12,"UserID":30313905,"Username":"PHRANC","PostType":"checkin","PostContent":"Don't eat the clams. ","LocationID":"1080","LocationName":"Hank Inn PC P","IsLocationHidden":false,"PhotoURL":null,"CreatedDate":"2025-07-09T07:52:42.277","ModifiedDate":null,"Status":"active"},{"PostID":11,"UserID":30345953,"Username":"JUAN","PostType":"checkin","PostContent":"great place, nice kitchen ","LocationID":"1080","LocationName":"Hank Inn PC P","IsLocationHidden":false,"PhotoURL":null,"CreatedDate":"2025-07-09T07:51:56.920","ModifiedDate":null,"Status":"active"}],"pagination":{}},"status":200,"headers":{"allow":"GET, HEAD, OPTIONS","connection":"close","content-type":"application/json","date":"Wed, 30 Jul 2025 14:45:57 GMT","server":"nginx","vary":"Accept-Encoding, Cookie","x-content-type-options":"nosniff","x-frame-options":"SAMEORIGIN, DENY"},"config":{"transitional":{"silentJSONParsing":true,"forcedJSONParsing":true,"clarifyTimeoutError":false},"adapter":["xhr","http","fetch"],"transformRequest":[null],"transformResponse":[null],"timeout":30000,"xsrfCookieName":"XSRF-TOKEN","xsrfHeaderName":"X-XSRF-TOKEN","maxContentLength":-1,"maxBodyLength":-1,"env":{},"headers":{"Accept":"application/json","Content-Type":"application/json","Auth-Token":"af3e5573661448608a723fb025d86b51"},"method":"get","url":"https://ntnservices.dev.buzztime.com/barbuddies/stories/?UserID=30313905&limit=10","allowAbsoluteUrls":true},"request":{"UNSENT":0,"OPENED":1,"HEADERS_RECEIVED":2,"LOADING":3,"DONE":4,"readyState":4,"status":200,"timeout":30000,"withCredentials":true,"upload":{},"_aborted":false,"_hasError":false,"_method":"GET","_perfKey":"network_XMLHttpRequest_https://ntnservices.dev.buzztime.com/barbuddies/stories/?UserID=30313905&limit=10","_response":"{\"stories\":[{\"PostID\":12,\"UserID\":30313905,\"Username\":\"PHRANC\",\"PostType\":\"checkin\",\"PostContent\":\"Don't eat the clams. \",\"LocationID\":\"1080\",\"LocationName\":\"Hank Inn PC P\",\"IsLocationHidden\":false,\"PhotoURL\":null,\"CreatedDate\":\"2025-07-09T07:52:42.277\",\"ModifiedDate\":null,\"Status\":\"active\"},{\"PostID\":11,\"UserID\":30345953,\"Username\":\"JUAN\",\"PostType\":\"checkin\",\"PostContent\":\"great place, nice kitchen \",\"LocationID\":\"1080\",\"LocationName\":\"Hank Inn PC P\",\"IsLocationHidden\":false,\"PhotoURL\":null,\"CreatedDate\":\"2025-07-09T07:51:56.920\",\"ModifiedDate\":null,\"Status\":\"active\"}],\"pagination\":{}}","_url":"https://ntnservices.dev.buzztime.com/barbuddies/stories/?UserID=30313905&limit=10","_timedOut":false,"_trackingName":null,"_incrementalEvents":false,"_startTime":11683124.8809,"_performanceLogger":{"_timespans":{"network_XMLHttpRequest_https://ntnservices.dev.buzztime.com/barbuddies/user_buddies/?UserID=30313905":{"startTime":11682306.6329,"endTime":11682682.5553,"totalTime":375.9223999995738},"network_XMLHttpRequest_https://ntnservices.dev.buzztime.com/barbuddies/stories/?UserID=30313905":{"startTime":11682743.2685,"endTime":11682989.7222,"totalTime":246.4537000004202},"network_XMLHttpRequest_https://ntnservices.dev.buzztime.com/barbuddies/stories/?UserID=30313905&limit=10":{"startTime":11683124.8556,"endTime":11683323.8695,"totalTime":199.013900000602}},"_extras":{},"_points":{"initializeCore_start":11679267.5928,"initializeCore_end":11679882.7996},"_pointExtras":{},"_closed":false},"responseHeaders":{"Content-Type":"application/json","Allow":"GET, HEAD, OPTIONS","Date":"Wed, 30 Jul 2025 14:45:57 GMT","Connection":"close","X-Frame-Options":"SAMEORIGIN, DENY","Vary":"Accept-Encoding, Cookie","X-Content-Type-Options":"nosniff","Server":"nginx"},"_requestId":null,"_headers":{"accept":"application/json","auth-token":"af3e5573661448608a723fb025d86b51"},"_responseType":"","_sent":true,"_lowerCaseResponseHeaders":{"content-type":"application/json","allow":"GET, HEAD, OPTIONS","date":"Wed, 30 Jul 2025 14:45:57 GMT","connection":"close","x-frame-options":"SAMEORIGIN, DENY","vary":"Accept-Encoding, Cookie","x-content-type-options":"nosniff","server":"nginx"},"_subscriptions":[],"responseURL":"https://ntnservices.dev.buzztime.com/barbuddies/stories/?UserID=30313905&limit=10"}}
 LOG  [DEBUG] UserStories - Response data: {"stories":[{"PostID":12,"UserID":30313905,"Username":"PHRANC","PostType":"checkin","PostContent":"Don't eat the clams. ","LocationID":"1080","LocationName":"Hank Inn PC P","IsLocationHidden":false,"PhotoURL":null,"CreatedDate":"2025-07-09T07:52:42.277","ModifiedDate":null,"Status":"active"},{"PostID":11,"UserID":30345953,"Username":"JUAN","PostType":"checkin","PostContent":"great place, nice kitchen ","LocationID":"1080","LocationName":"Hank Inn PC P","IsLocationHidden":false,"PhotoURL":null,"CreatedDate":"2025-07-09T07:51:56.920","ModifiedDate":null,"Status":"active"}],"pagination":{}}
 LOG  [DEBUG] UserStories - Stories from object format: [{"PostID":12,"UserID":30313905,"Username":"PHRANC","PostType":"checkin","PostContent":"Don't eat the clams. ","LocationID":"1080","LocationName":"Hank Inn PC P","IsLocationHidden":false,"PhotoURL":null,"CreatedDate":"2025-07-09T07:52:42.277","ModifiedDate":null,"Status":"active"},{"PostID":11,"UserID":30345953,"Username":"JUAN","PostType":"checkin","PostContent":"great place, nice kitchen ","LocationID":"1080","LocationName":"Hank Inn PC P","IsLocationHidden":false,"PhotoURL":null,"CreatedDate":"2025-07-09T07:51:56.920","ModifiedDate":null,"Status":"active"}]
 LOG  [DEBUG] UserStories - Extracted stories: [{"PostID":12,"UserID":30313905,"Username":"PHRANC","PostType":"checkin","PostContent":"Don't eat the clams. ","LocationID":"1080","LocationName":"Hank Inn PC P","IsLocationHidden":false,"PhotoURL":null,"CreatedDate":"2025-07-09T07:52:42.277","ModifiedDate":null,"Status":"active"},{"PostID":11,"UserID":30345953,"Username":"JUAN","PostType":"checkin","PostContent":"great place, nice kitchen ","LocationID":"1080","LocationName":"Hank Inn PC P","IsLocationHidden":false,"PhotoURL":null,"CreatedDate":"2025-07-09T07:51:56.920","ModifiedDate":null,"Status":"active"}]
 LOG  [DEBUG] UserStories - Pagination: {}
 ERROR  VirtualizedLists should never be nested inside plain ScrollViews with the same orientation because it can break windowing and other functionality - use another VirtualizedList-backed container instead.
 LOG  Search query or filter changed - resetting state
 LOG  [BuddiesScreen] No valid cache, fetching fresh data
 LOG  [BuddiesScreen] Starting buddy fetch, refresh=true, activeTab=all
 LOG  [BuddiesScreen] Fetching buddies with options: {"forceRefresh": true, "limit": 20, "searchQuery": ""}
 LOG  [BuddiesScreen] Using current user ID for buddies: 30313905
 LOG  [BuddiesScreen] Using forceRefresh option for getCurrentBuddies
 LOG  [Buddies Service] getCurrentBuddies called with forceRefresh=true {"forceRefresh": true, "limit": 20, "searchQuery": ""}
 LOG  [Buddies Service] Fetching current buddies with options: {"forceRefresh": true, "limit": 20, "searchQuery": ""}
 LOG  [Buddies Service] Fetching buddies for user ID: 30313905
 LOG  [Buddies Service] Sending GET request with params: {"Limit": "20", "UserID": "30313905"}
 LOG  [API Client] Making GET request to endpoint: /barbuddies/user_buddies/
 LOG  [API Client] Getting base URL for endpoint: /barbuddies/user_buddies/
 LOG  [API Client] USE_PROXY: false, Platform: android
 LOG  [API Client] Using Cheerios API URL for other endpoints: https://ntnservices.dev.buzztime.com
 LOG  [API Client] Getting base URL for endpoint: /barbuddies/user_buddies/
 LOG  [API Client] USE_PROXY: false, Platform: android
 LOG  [API Client] Using Cheerios API URL for other endpoints: https://ntnservices.dev.buzztime.com
 LOG  [API Client] Full URL: https://ntnservices.dev.buzztime.com/barbuddies/user_buddies/
 LOG  [API Client] Getting auth token, in-memory token exists: true
 LOG  [BuddiesScreen] Fetching pending buddy requests for user 30313905
 LOG  [Buddies Service] Getting buddy requests for user 30313905
 LOG  [API Client] Making POST request to endpoint: /barbuddies/buddy_request/
 LOG  [API Client] Getting base URL for endpoint: /barbuddies/buddy_request/
 LOG  [API Client] USE_PROXY: false, Platform: android
 LOG  [API Client] Using Cheerios API URL for other endpoints: https://ntnservices.dev.buzztime.com
 LOG  [API Client] Getting base URL for endpoint: /barbuddies/buddy_request/
 LOG  [API Client] USE_PROXY: false, Platform: android
 LOG  [API Client] Using Cheerios API URL for other endpoints: https://ntnservices.dev.buzztime.com
 LOG  [API Client] Full URL: https://ntnservices.dev.buzztime.com/barbuddies/buddy_request/
 LOG  [API Client] Getting auth token, in-memory token exists: true
 LOG  [BuddiesScreen] Tab focused
 LOG  [BuddiesScreen] Time since last focus: 1753886823690ms
 LOG  [HomeScreen] Tab unfocused
 LOG  [HomeScreen] Auth state: {"hasGlobalUser": true, "hasStateUser": true, "isAuthenticated": true, "isLoading": false, "usingGlobalUser": false}
 LOG  [HomeScreen] User data: {"displayName": "PHRANC", "mobileDisplayName": "Phranc", "playerId": 30313905, "userName": "Phranc"}
 LOG  [RootLayout] Auth state changed: {"currentSegment": "(tabs)", "error": null, "hasUser": true, "isAuthenticated": true, "isLoading": false}
 LOG  [RootLayout] Already in tabs, no navigation needed
 LOG  [API Client] Adding Auth-Token header
 LOG  [API Client] Request headers: {"Accept": "application/json", "Auth-Token": "af3e5573661448608a723fb025d86b51", "Content-Type": "application/json"}
 LOG  [API Client] Adding Auth-Token header
 LOG  [API Client] Request headers: {"Accept": "application/json", "Auth-Token": "af3e5573661448608a723fb025d86b51", "Content-Type": "application/json"}
 LOG  [API Client] Request payload: {"CurrentUserID": "30313905", "Limit": 50, "RequestType": "GetRequests", "Status": "PENDING", "ViewType": "RECEIVED"}
 LOG  [BuddiesScreen] Fetch already in progress, skipping
 LOG  [API Client] Response status: 200
 LOG  [API Client] Response data: {"pagination": {"hasMore": false, "nextCursor": null, "totalCount": 0}, "requests": []}
 LOG  [Buddies Service] Buddy requests response status: 200
 LOG  [Buddies Service] Received 0 buddy requests
 LOG  [BuddiesScreen] Fetched 0 pending requests
 LOG  [API Client] Response status: 200
 LOG  [API Client] Response data: [[{"id": "30345953", "isOnline": false, "lastPlayDate": "2025-06-13T00:00:00", "location": "Hank Inn PC P - Carlsbad, CA", "username": "JUAN"}], [{"hasMore": false, "nextCursor": null, "totalCount": 1}]]
 LOG  [Buddies Service] Received data with 2 items
 LOG  [Buddies Service] Found 1 current buddies in the response
 LOG  [Buddies Service] getCurrentBuddies returned 1 buddies
 LOG  [BuddiesScreen] Fetched 1 buddies: [{"id": "30345953", "name": "JUAN"}]
 LOG  [BuddiesScreen] Buddies found, clearing noResultsFound flag
 LOG  [BuddiesScreen] Replacing buddies list with new data
 LOG  [BuddiesScreen] Tab unfocused
 LOG  [BuddiesScreen] Tab focused
 LOG  [BuddiesScreen] Time since last focus: 271ms
 LOG  [BuddiesScreen] Tab focused with no data, fetching
 LOG  [BuddiesScreen] Fetch already in progress, skipping
 LOG  [BuddiesScreen] Tab unfocused
 LOG  [BuddiesScreen] Tab focused
 LOG  [BuddiesScreen] Time since last focus: 64ms
 LOG  [ShareScreen] User authenticated: {"id": "30313905", "playerId": 30313905}
 LOG  [BuddiesScreen] Tab unfocused
 LOG  [HomeScreen] Auth state: {"hasGlobalUser": true, "hasStateUser": true, "isAuthenticated": true, "isLoading": false, "usingGlobalUser": false}
 LOG  [HomeScreen] User data: {"displayName": "PHRANC", "mobileDisplayName": "Phranc", "playerId": 30313905, "userName": "Phranc"}
 LOG  [RootLayout] Auth state changed: {"currentSegment": "(tabs)", "error": null, "hasUser": true, "isAuthenticated": true, "isLoading": false}
 LOG  [RootLayout] Already in tabs, no navigation needed
 LOG  [ShareScreen] Location preference: hidden
 LOG  [ShareScreen] Location ID: null
 LOG  [ShareScreen] Location name: null
 LOG  [ANDROID DEBUG] Fetching nearby locations at: 33.1581, -117.3506
 LOG  [ANDROID DEBUG] Current timestamp: 2025-07-30T14:47:13.828Z
 LOG  [ANDROID DEBUG] Environment: {"useProxy":false,"platform":"MOBILE"}
 LOG  [TabLayout] Rendering tab layout
 LOG  [HomeScreen] Auth state: {"hasGlobalUser": true, "hasStateUser": true, "isAuthenticated": true, "isLoading": false, "usingGlobalUser": false}
 LOG  [HomeScreen] User data: {"displayName": "PHRANC", "mobileDisplayName": "Phranc", "playerId": 30313905, "userName": "Phranc"}
 LOG  [RootLayout] Auth state changed: {"currentSegment": "location-select", "error": null, "hasUser": true, "isAuthenticated": true, "isLoading": false}
 LOG  [RootLayout] Already in tabs, no navigation needed
 LOG  [ANDROID DEBUG] Error fetching nearby locations: {"message":"Authentication required. Please log in first.","stack":"Error: Authentication required. Please log in first.\n    at ?anon_0_ (http://10.0.2.2:8081/custom-entry.bundle//&platform=android&dev=true&lazy=true&minify=false&app=com.barbuddy.prototype&modulesOnly=false&runModule=true&excludeSource=true&sourcePaths=url-server&transform.routerRoot=app&transform.engine=hermes&transform.bytecode=1&unstable_transformProfile=hermes-stable:101396:28)\n    at next (native)\n    at asyncGeneratorStep (http://10.0.2.2:8081/custom-entry.bundle//&platform=android&dev=true&lazy=true&minify=false&app=com.barbuddy.prototype&modulesOnly=false&runModule=true&excludeSource=true&sourcePaths=url-server&transform.routerRoot=app&transform.engine=hermes&transform.bytecode=1&unstable_transformProfile=hermes-stable:106633:19)\n    at _next (http://10.0.2.2:8081/custom-entry.bundle//&platform=android&dev=true&lazy=true&minify=false&app=com.barbuddy.prototype&modulesOnly=false&runModule=true&excludeSource=true&sourcePaths=url-server&transform.routerRoot=app&transform.engine=hermes&transform.bytecode=1&unstable_transformProfile=hermes-stable:106647:29)\n    at tryCallOne (address at InternalBytecode.js:1:1180)\n    at anonymous (address at InternalBytecode.js:1:1874)"}
 LOG  ======= ANDROID DEBUG LOG SUMMARY =======
 LOG  [ANDROID DEBUG] Fetching nearby locations at: 33.1581, -117.3506
[ANDROID DEBUG] Current timestamp: 2025-07-30T14:47:13.828Z
[ANDROID DEBUG] Environment: {"useProxy":false,"platform":"MOBILE"}
[ANDROID DEBUG] Error fetching nearby locations: {"message":"Authentication required. Please log in first.","stack":"Error: Authentication required. Please log in first.\n    at ?anon_0_ (http://10.0.2.2:8081/custom-entry.bundle//&platform=android&dev=true&lazy=true&minify=false&app=com.barbuddy.prototype&modulesOnly=false&runModule=true&excludeSource=true&sourcePaths=url-server&transform.routerRoot=app&transform.engine=hermes&transform.bytecode=1&unstable_transformProfile=hermes-stable:101396:28)\n    at next (native)\n    at asyncGeneratorStep (http://10.0.2.2:8081/custom-entry.bundle//&platform=android&dev=true&lazy=true&minify=false&app=com.barbuddy.prototype&modulesOnly=false&runModule=true&excludeSource=true&sourcePaths=url-server&transform.routerRoot=app&transform.engine=hermes&transform.bytecode=1&unstable_transformProfile=hermes-stable:106633:19)\n    at _next (http://10.0.2.2:8081/custom-entry.bundle//&platform=android&dev=true&lazy=true&minify=false&app=com.barbuddy.prototype&modulesOnly=false&runModule=true&excludeSource=true&sourcePaths=url-server&transform.routerRoot=app&transform.engine=hermes&transform.bytecode=1&unstable_transformProfile=hermes-stable:106647:29)\n    at tryCallOne (address at InternalBytecode.js:1:1180)\n    at anonymous (address at InternalBytecode.js:1:1874)"}
 LOG  ======= END DEBUG LOG SUMMARY =======
 LOG  [ANDROID DEBUG] Fetching nearby locations at: 33.1581, -117.3506
 LOG  [ANDROID DEBUG] Current timestamp: 2025-07-30T15:26:00.575Z
 LOG  [ANDROID DEBUG] Environment: {"useProxy":false,"platform":"MOBILE"}
 LOG  [ANDROID DEBUG] No auth token found, redirecting to login
 LOG  [ANDROID DEBUG] Error fetching nearby locations: {"message":"Authentication required. Please log in first.","stack":"Error: Authentication required. Please log in first.\n    at ?anon_0_ (http://10.0.2.2:8081/app\\location-select.bundle//&platform=android&lazy=true&app=com.barbuddy.prototype&modulesOnly=true&sourcePaths=url-server&transform.routerRoot=app&transform.engine=hermes&transform.bytecode=1&unstable_transformProfile=hermes-stable&dev=true&minify=false&runModule=true&shallow=true:157:28)\n    at next (native)\n    at asyncGeneratorStep (http://10.0.2.2:8081/custom-entry.bundle//&platform=android&dev=true&lazy=true&minify=false&app=com.barbuddy.prototype&modulesOnly=false&runModule=true&excludeSource=true&sourcePaths=url-server&transform.routerRoot=app&transform.engine=hermes&transform.bytecode=1&unstable_transformProfile=hermes-stable:106633:19)\n    at _next (http://10.0.2.2:8081/custom-entry.bundle//&platform=android&dev=true&lazy=true&minify=false&app=com.barbuddy.prototype&modulesOnly=false&runModule=true&excludeSource=true&sourcePaths=url-server&transform.routerRoot=app&transform.engine=hermes&transform.bytecode=1&unstable_transformProfile=hermes-stable:106647:29)\n    at tryCallOne (address at InternalBytecode.js:1:1180)\n    at anonymous (address at InternalBytecode.js:1:1874)"}
 LOG  ======= ANDROID DEBUG LOG SUMMARY =======
 LOG  [ANDROID DEBUG] Fetching nearby locations at: 33.1581, -117.3506
[ANDROID DEBUG] Current timestamp: 2025-07-30T15:26:00.575Z
[ANDROID DEBUG] Environment: {"useProxy":false,"platform":"MOBILE"}
[ANDROID DEBUG] No auth token found, redirecting to login
[ANDROID DEBUG] Error fetching nearby locations: {"message":"Authentication required. Please log in first.","stack":"Error: Authentication required. Please log in first.\n    at ?anon_0_ (http://10.0.2.2:8081/app\\location-select.bundle//&platform=android&lazy=true&app=com.barbuddy.prototype&modulesOnly=true&sourcePaths=url-server&transform.routerRoot=app&transform.engine=hermes&transform.bytecode=1&unstable_transformProfile=hermes-stable&dev=true&minify=false&runModule=true&shallow=true:157:28)\n    at next (native)\n    at asyncGeneratorStep (http://10.0.2.2:8081/custom-entry.bundle//&platform=android&dev=true&lazy=true&minify=false&app=com.barbuddy.prototype&modulesOnly=false&runModule=true&excludeSource=true&sourcePaths=url-server&transform.routerRoot=app&transform.engine=hermes&transform.bytecode=1&unstable_transformProfile=hermes-stable:106633:19)\n    at _next (http://10.0.2.2:8081/custom-entry.bundle//&platform=android&dev=true&lazy=true&minify=false&app=com.barbuddy.prototype&modulesOnly=false&runModule=true&excludeSource=true&sourcePaths=url-server&transform.routerRoot=app&transform.engine=hermes&transform.bytecode=1&unstable_transformProfile=hermes-stable:106647:29)\n    at tryCallOne (address at InternalBytecode.js:1:1180)\n    at anonymous (address at InternalBytecode.js:1:1874)"}
 LOG  ======= END DEBUG LOG SUMMARY =======
 LOG  [ANDROID DEBUG] Fetching nearby locations at: 33.1581, -117.3506
 LOG  [ANDROID DEBUG] Current timestamp: 2025-07-30T15:26:29.773Z
 LOG  [ANDROID DEBUG] Environment: {"useProxy":false,"platform":"MOBILE"}
 LOG  [ANDROID DEBUG] No auth token found, redirecting to login
 LOG  [ANDROID DEBUG] Error fetching nearby locations: {"message":"Authentication required. Please log in first.","stack":"Error: Authentication required. Please log in first.\n    at ?anon_0_ (http://10.0.2.2:8081/app\\location-select.bundle//&platform=android&lazy=true&app=com.barbuddy.prototype&modulesOnly=true&sourcePaths=url-server&transform.routerRoot=app&transform.engine=hermes&transform.bytecode=1&unstable_transformProfile=hermes-stable&dev=true&minify=false&runModule=true&shallow=true:159:28)\n    at next (native)\n    at asyncGeneratorStep (http://10.0.2.2:8081/custom-entry.bundle//&platform=android&dev=true&lazy=true&minify=false&app=com.barbuddy.prototype&modulesOnly=false&runModule=true&excludeSource=true&sourcePaths=url-server&transform.routerRoot=app&transform.engine=hermes&transform.bytecode=1&unstable_transformProfile=hermes-stable:106633:19)\n    at _next (http://10.0.2.2:8081/custom-entry.bundle//&platform=android&dev=true&lazy=true&minify=false&app=com.barbuddy.prototype&modulesOnly=false&runModule=true&excludeSource=true&sourcePaths=url-server&transform.routerRoot=app&transform.engine=hermes&transform.bytecode=1&unstable_transformProfile=hermes-stable:106647:29)\n    at tryCallOne (address at InternalBytecode.js:1:1180)\n    at anonymous (address at InternalBytecode.js:1:1874)"}
 LOG  ======= ANDROID DEBUG LOG SUMMARY =======
 LOG  [ANDROID DEBUG] Fetching nearby locations at: 33.1581, -117.3506
[ANDROID DEBUG] Current timestamp: 2025-07-30T15:26:29.773Z
[ANDROID DEBUG] Environment: {"useProxy":false,"platform":"MOBILE"}
[ANDROID DEBUG] No auth token found, redirecting to login
[ANDROID DEBUG] Error fetching nearby locations: {"message":"Authentication required. Please log in first.","stack":"Error: Authentication required. Please log in first.\n    at ?anon_0_ (http://10.0.2.2:8081/app\\location-select.bundle//&platform=android&lazy=true&app=com.barbuddy.prototype&modulesOnly=true&sourcePaths=url-server&transform.routerRoot=app&transform.engine=hermes&transform.bytecode=1&unstable_transformProfile=hermes-stable&dev=true&minify=false&runModule=true&shallow=true:159:28)\n    at next (native)\n    at asyncGeneratorStep (http://10.0.2.2:8081/custom-entry.bundle//&platform=android&dev=true&lazy=true&minify=false&app=com.barbuddy.prototype&modulesOnly=false&runModule=true&excludeSource=true&sourcePaths=url-server&transform.routerRoot=app&transform.engine=hermes&transform.bytecode=1&unstable_transformProfile=hermes-stable:106633:19)\n    at _next (http://10.0.2.2:8081/custom-entry.bundle//&platform=android&dev=true&lazy=true&minify=false&app=com.barbuddy.prototype&modulesOnly=false&runModule=true&excludeSource=true&sourcePaths=url-server&transform.routerRoot=app&transform.engine=hermes&transform.bytecode=1&unstable_transformProfile=hermes-stable:106647:29)\n    at tryCallOne (address at InternalBytecode.js:1:1180)\n    at anonymous (address at InternalBytecode.js:1:1874)"}
 LOG  ======= END DEBUG LOG SUMMARY =======
 LOG  [ANDROID DEBUG] Fetching nearby locations at: 33.1581, -117.3506
 LOG  [ANDROID DEBUG] Current timestamp: 2025-07-30T15:26:55.371Z
 LOG  [ANDROID DEBUG] Environment: {"useProxy":false,"platform":"MOBILE"}
 LOG  [ANDROID DEBUG] No auth token found, redirecting to login
 LOG  [ANDROID DEBUG] Error fetching nearby locations: {"message":"Authentication required. Please log in first.","stack":"Error: Authentication required. Please log in first.\n    at ?anon_0_ (http://10.0.2.2:8081/app\\location-select.bundle//&platform=android&lazy=true&app=com.barbuddy.prototype&modulesOnly=true&sourcePaths=url-server&transform.routerRoot=app&transform.engine=hermes&transform.bytecode=1&unstable_transformProfile=hermes-stable&dev=true&minify=false&runModule=true&shallow=true:159:28)\n    at next (native)\n    at asyncGeneratorStep (http://10.0.2.2:8081/custom-entry.bundle//&platform=android&dev=true&lazy=true&minify=false&app=com.barbuddy.prototype&modulesOnly=false&runModule=true&excludeSource=true&sourcePaths=url-server&transform.routerRoot=app&transform.engine=hermes&transform.bytecode=1&unstable_transformProfile=hermes-stable:106633:19)\n    at _next (http://10.0.2.2:8081/custom-entry.bundle//&platform=android&dev=true&lazy=true&minify=false&app=com.barbuddy.prototype&modulesOnly=false&runModule=true&excludeSource=true&sourcePaths=url-server&transform.routerRoot=app&transform.engine=hermes&transform.bytecode=1&unstable_transformProfile=hermes-stable:106647:29)\n    at tryCallOne (address at InternalBytecode.js:1:1180)\n    at anonymous (address at InternalBytecode.js:1:1874)"}
 LOG  ======= ANDROID DEBUG LOG SUMMARY =======
 LOG  [ANDROID DEBUG] Fetching nearby locations at: 33.1581, -117.3506
[ANDROID DEBUG] Current timestamp: 2025-07-30T15:26:55.371Z
[ANDROID DEBUG] Environment: {"useProxy":false,"platform":"MOBILE"}
[ANDROID DEBUG] No auth token found, redirecting to login
[ANDROID DEBUG] Error fetching nearby locations: {"message":"Authentication required. Please log in first.","stack":"Error: Authentication required. Please log in first.\n    at ?anon_0_ (http://10.0.2.2:8081/app\\location-select.bundle//&platform=android&lazy=true&app=com.barbuddy.prototype&modulesOnly=true&sourcePaths=url-server&transform.routerRoot=app&transform.engine=hermes&transform.bytecode=1&unstable_transformProfile=hermes-stable&dev=true&minify=false&runModule=true&shallow=true:159:28)\n    at next (native)\n    at asyncGeneratorStep (http://10.0.2.2:8081/custom-entry.bundle//&platform=android&dev=true&lazy=true&minify=false&app=com.barbuddy.prototype&modulesOnly=false&runModule=true&excludeSource=true&sourcePaths=url-server&transform.routerRoot=app&transform.engine=hermes&transform.bytecode=1&unstable_transformProfile=hermes-stable:106633:19)\n    at _next (http://10.0.2.2:8081/custom-entry.bundle//&platform=android&dev=true&lazy=true&minify=false&app=com.barbuddy.prototype&modulesOnly=false&runModule=true&excludeSource=true&sourcePaths=url-server&transform.routerRoot=app&transform.engine=hermes&transform.bytecode=1&unstable_transformProfile=hermes-stable:106647:29)\n    at tryCallOne (address at InternalBytecode.js:1:1180)\n    at anonymous (address at InternalBytecode.js:1:1874)"}
 LOG  ======= END DEBUG LOG SUMMARY =======
 LOG  [ANDROID DEBUG] Fetching nearby locations at: 33.1581, -117.3506
 LOG  [ANDROID DEBUG] Current timestamp: 2025-07-30T15:27:15.383Z
 LOG  [ANDROID DEBUG] Environment: {"useProxy":false,"platform":"MOBILE"}
 LOG  [ANDROID DEBUG] No auth token found, redirecting to login
 LOG  [ANDROID DEBUG] Error fetching nearby locations: {"message":"Authentication required. Please log in first.","stack":"Error: Authentication required. Please log in first.\n    at ?anon_0_ (http://10.0.2.2:8081/app\\location-select.bundle//&platform=android&lazy=true&app=com.barbuddy.prototype&modulesOnly=true&sourcePaths=url-server&transform.routerRoot=app&transform.engine=hermes&transform.bytecode=1&unstable_transformProfile=hermes-stable&dev=true&minify=false&runModule=true&shallow=true:159:28)\n    at next (native)\n    at asyncGeneratorStep (http://10.0.2.2:8081/custom-entry.bundle//&platform=android&dev=true&lazy=true&minify=false&app=com.barbuddy.prototype&modulesOnly=false&runModule=true&excludeSource=true&sourcePaths=url-server&transform.routerRoot=app&transform.engine=hermes&transform.bytecode=1&unstable_transformProfile=hermes-stable:106633:19)\n    at _next (http://10.0.2.2:8081/custom-entry.bundle//&platform=android&dev=true&lazy=true&minify=false&app=com.barbuddy.prototype&modulesOnly=false&runModule=true&excludeSource=true&sourcePaths=url-server&transform.routerRoot=app&transform.engine=hermes&transform.bytecode=1&unstable_transformProfile=hermes-stable:106647:29)\n    at tryCallOne (address at InternalBytecode.js:1:1180)\n    at anonymous (address at InternalBytecode.js:1:1874)"}
 LOG  ======= ANDROID DEBUG LOG SUMMARY =======
 LOG  [ANDROID DEBUG] Fetching nearby locations at: 33.1581, -117.3506
[ANDROID DEBUG] Current timestamp: 2025-07-30T15:27:15.383Z
[ANDROID DEBUG] Environment: {"useProxy":false,"platform":"MOBILE"}
[ANDROID DEBUG] No auth token found, redirecting to login
[ANDROID DEBUG] Error fetching nearby locations: {"message":"Authentication required. Please log in first.","stack":"Error: Authentication required. Please log in first.\n    at ?anon_0_ (http://10.0.2.2:8081/app\\location-select.bundle//&platform=android&lazy=true&app=com.barbuddy.prototype&modulesOnly=true&sourcePaths=url-server&transform.routerRoot=app&transform.engine=hermes&transform.bytecode=1&unstable_transformProfile=hermes-stable&dev=true&minify=false&runModule=true&shallow=true:159:28)\n    at next (native)\n    at asyncGeneratorStep (http://10.0.2.2:8081/custom-entry.bundle//&platform=android&dev=true&lazy=true&minify=false&app=com.barbuddy.prototype&modulesOnly=false&runModule=true&excludeSource=true&sourcePaths=url-server&transform.routerRoot=app&transform.engine=hermes&transform.bytecode=1&unstable_transformProfile=hermes-stable:106633:19)\n    at _next (http://10.0.2.2:8081/custom-entry.bundle//&platform=android&dev=true&lazy=true&minify=false&app=com.barbuddy.prototype&modulesOnly=false&runModule=true&excludeSource=true&sourcePaths=url-server&transform.routerRoot=app&transform.engine=hermes&transform.bytecode=1&unstable_transformProfile=hermes-stable:106647:29)\n    at tryCallOne (address at InternalBytecode.js:1:1180)\n    at anonymous (address at InternalBytecode.js:1:1874)"}
 LOG  ======= END DEBUG LOG SUMMARY =======
Web .\custom-entry.js ░░░░░░░░░░░░░░░░  0.0% (0/1)
λ Bundled 186ms node_modules\expo-router\node\render.js (1 module)
λ  WARN  "shadow*" style props are deprecated. Use "boxShadow". 
  console.warn (C:\Users\Frank\CascadeProjects\BarBuddyPrototype\node_modules\@expo\cli\src\start\server\serverLogLikeMetro.ts:152:21)
  warnOnce (C:\Users\Frank\CascadeProjects\BarBuddyPrototype\node_modules\react-native-web\dist\modules\warnOnce\index.js:24:13)
  preprocess (C:\Users\Frank\CascadeProjects\BarBuddyPrototype\node_modules\react-native-web\dist\exports\StyleSheet\preprocess.js:136:13)
  compileAndInsertAtomic (C:\Users\Frank\CascadeProjects\BarBuddyPrototype\node_modules\react-native-web\dist\exports\StyleSheet\index.js:56:34)
  forEach (C:\Users\Frank\CascadeProjects\BarBuddyPrototype\node_modules\react-native-web\dist\exports\StyleSheet\index.js:99:26)
  Function.create (C:\Users\Frank\CascadeProjects\BarBuddyPrototype\node_modules\react-native-web\dist\exports\StyleSheet\index.js:87:23)
  factory (C:\Users\Frank\CascadeProjects\BarBuddyPrototype\node_modules\expo-router\build\views\Sitemap.js:128:42)
  loadModuleImplementation (C:\Users\Frank\CascadeProjects\BarBuddyPrototype\node_modules\metro-runtime\src\polyfills\require.js:277:5)
  guardedLoadModule (C:\Users\Frank\CascadeProjects\BarBuddyPrototype\node_modules\metro-runtime\src\polyfills\require.js:184:12)
λ  LOG  [API Client] Successfully loaded environment config
Failed to initialize log file: UnavailabilityError: The method or property expo-file-system.getInfoAsync is not available on web, are you sure you've linked all the native dependencies properly?
    at Object.getInfoAsync (C:\Users\Frank\CascadeProjects\BarBuddyPrototype\node_modules\expo-file-system\src\FileSystem.ts:69:11)
    at Logger.initLogFile (C:\Users\Frank\CascadeProjects\BarBuddyPrototype\modules\utils\logger.ts:50:41)
    at new Logger (C:\Users\Frank\CascadeProjects\BarBuddyPrototype\modules\utils\logger.ts:31:10)
    at Function.getInstance (C:\Users\Frank\CascadeProjects\BarBuddyPrototype\modules\utils\logger.ts:39:25)
    at factory (C:\Users\Frank\CascadeProjects\BarBuddyPrototype\modules\utils\logger.ts:220:30)
    at loadModuleImplementation (C:\Users\Frank\CascadeProjects\BarBuddyPrototype\node_modules\metro-runtime\src\polyfills\require.js:277:5)
    at guardedLoadModule (C:\Users\Frank\CascadeProjects\BarBuddyPrototype\node_modules\metro-runtime\src\polyfills\require.js:184:12)
    at require (C:\Users\Frank\CascadeProjects\BarBuddyPrototype\node_modules\metro-runtime\src\polyfills\require.js:92:7)
    at factory (C:\Users\Frank\CascadeProjects\BarBuddyPrototype\app\components\DebugLogScreen.tsx:3:1)
    at loadModuleImplementation (C:\Users\Frank\CascadeProjects\BarBuddyPrototype\node_modules\metro-runtime\src\polyfills\require.js:277:5) {
  code: 'ERR_UNAVAILABLE'
}
λ  LOG  [API Client] Running in DEV environment
λ  LOG  [API Client] Cheerios API URL: http://192.168.68.129:8001
λ  LOG  [API Client] API Proxy URL: http://localhost:3000
λ  LOG  [API Client] CloudHub API URL: https://ch-api-dev-ooifid6utq-uc.a.run.app
λ  LOG  [API Client] Using proxy: true
λ  LOG  [API Client] Platform: web
λ  LOG  [Environment] Detected platform: web, isMobile: false
λ  LOG  [Environment] Running in dev environment
λ  LOG  [Environment] Active configuration: {
  env: 'dev',
  apiUrl: 'https://dev-api.example.com',
  proxyUrl: 'http://192.168.68.126:3000',
  cheeriosApiUrl: 'http://192.168.68.126:8001',
  cloudHubApiUrl: 'https://ch-api-dev-ooifid6utq-uc.a.run.app',
  useProxy: true
}
Web .\custom-entry.js ░░░░░░░░░░░░░░░░  0.0% (0/1)
Web Bundled 1454ms custom-entry.js (1 module)
Web Bundled 157ms custom-entry.js (1 module)
λ Bundled 69ms node_modules\expo-router\node\render.js (1 module)
λ  WARN  "shadow*" style props are deprecated. Use "boxShadow". 
  console.warn (C:\Users\Frank\CascadeProjects\BarBuddyPrototype\node_modules\@expo\cli\src\start\server\serverLogLikeMetro.ts:152:21)
  warnOnce (C:\Users\Frank\CascadeProjects\BarBuddyPrototype\node_modules\react-native-web\dist\modules\warnOnce\index.js:24:13)
  preprocess (C:\Users\Frank\CascadeProjects\BarBuddyPrototype\node_modules\react-native-web\dist\exports\StyleSheet\preprocess.js:136:13)
  compileAndInsertAtomic (C:\Users\Frank\CascadeProjects\BarBuddyPrototype\node_modules\react-native-web\dist\exports\StyleSheet\index.js:56:34)
  forEach (C:\Users\Frank\CascadeProjects\BarBuddyPrototype\node_modules\react-native-web\dist\exports\StyleSheet\index.js:99:26)
  Function.create (C:\Users\Frank\CascadeProjects\BarBuddyPrototype\node_modules\react-native-web\dist\exports\StyleSheet\index.js:87:23)
  factory (C:\Users\Frank\CascadeProjects\BarBuddyPrototype\node_modules\expo-router\build\views\Sitemap.js:128:42)
  loadModuleImplementation (C:\Users\Frank\CascadeProjects\BarBuddyPrototype\node_modules\metro-runtime\src\polyfills\require.js:277:5)
  guardedLoadModule (C:\Users\Frank\CascadeProjects\BarBuddyPrototype\node_modules\metro-runtime\src\polyfills\require.js:184:12)
λ  LOG  [API Client] Successfully loaded environment config
Failed to initialize log file: UnavailabilityError: The method or property expo-file-system.getInfoAsync is not available on web, are you sure you've linked all the native dependencies properly?
    at Object.getInfoAsync (C:\Users\Frank\CascadeProjects\BarBuddyPrototype\node_modules\expo-file-system\src\FileSystem.ts:69:11)
    at Logger.initLogFile (C:\Users\Frank\CascadeProjects\BarBuddyPrototype\modules\utils\logger.ts:50:41)
    at new Logger (C:\Users\Frank\CascadeProjects\BarBuddyPrototype\modules\utils\logger.ts:31:10)
    at Function.getInstance (C:\Users\Frank\CascadeProjects\BarBuddyPrototype\modules\utils\logger.ts:39:25)
    at factory (C:\Users\Frank\CascadeProjects\BarBuddyPrototype\modules\utils\logger.ts:220:30)
    at loadModuleImplementation (C:\Users\Frank\CascadeProjects\BarBuddyPrototype\node_modules\metro-runtime\src\polyfills\require.js:277:5)
    at guardedLoadModule (C:\Users\Frank\CascadeProjects\BarBuddyPrototype\node_modules\metro-runtime\src\polyfills\require.js:184:12)
    at require (C:\Users\Frank\CascadeProjects\BarBuddyPrototype\node_modules\metro-runtime\src\polyfills\require.js:92:7)
    at factory (C:\Users\Frank\CascadeProjects\BarBuddyPrototype\app\components\DebugLogScreen.tsx:3:1)
    at loadModuleImplementation (C:\Users\Frank\CascadeProjects\BarBuddyPrototype\node_modules\metro-runtime\src\polyfills\require.js:277:5) {
  code: 'ERR_UNAVAILABLE'
}
λ  LOG  [API Client] Running in DEV environment
λ  LOG  [API Client] Cheerios API URL: http://192.168.68.129:8001
λ  LOG  [API Client] API Proxy URL: http://localhost:3000
λ  LOG  [API Client] CloudHub API URL: https://ch-api-dev-ooifid6utq-uc.a.run.app
λ  LOG  [API Client] Using proxy: true
λ  LOG  [API Client] Platform: web
λ  LOG  [Environment] Detected platform: web, isMobile: false
λ  LOG  [Environment] Running in dev environment
λ  LOG  [Environment] Active configuration: {
  env: 'dev',
  apiUrl: 'https://dev-api.example.com',
  proxyUrl: 'http://192.168.68.126:3000',
  cheeriosApiUrl: 'http://192.168.68.126:8001',
  cloudHubApiUrl: 'https://ch-api-dev-ooifid6utq-uc.a.run.app',
  useProxy: true
}
Web .\custom-entry.js ░░░░░░░░░░░░░░░░  0.0% (0/1)
Web Bundled 858ms custom-entry.js (1 module)
 LOG  [web] Logs will appear in the browser console
