===== BarBuddy Web App Started at Fri 08/01/2025 14:12:41.76 ===== 

> barbuddyprototype@1.0.0 web
> expo start --web

Starting project at C:\Users\Frank\CascadeProjects\BarBuddyPrototype
Starting Metro Bundler
The following packages should be updated for best compatibility with the installed expo version:
  @react-native-async-storage/async-storage@2.2.0 - expected version: 2.1.2
  @react-native-community/datetimepicker@8.4.2 - expected version: 8.4.1
  expo@53.0.13 - expected version: 53.0.20
  expo-constants@17.1.6 - expected version: ~17.1.7
  expo-font@13.3.1 - expected version: ~13.3.2
  expo-image@2.3.0 - expected version: ~2.4.0
  expo-linking@7.1.5 - expected version: ~7.1.7
  expo-router@5.1.1 - expected version: ~5.1.4
  expo-splash-screen@0.30.9 - expected version: ~0.30.10
  expo-system-ui@5.0.9 - expected version: ~5.0.10
  react-native@0.79.4 - expected version: 0.79.5
  react-native-safe-area-context@5.5.0 - expected version: 5.4.0
Your project may not work correctly until you install the expected versions of the packages.
Waiting on http://localhost:8081
Logs for your project will appear below.
| expo-router/babel is deprecated in favor of babel-preset-expo in SDK 50. To fix the issue, remove "expo-router/babel" from "plugins" in your babel.config.js file.
Web .\custom-entry.js ▓▓▓▓▓▓▓▓▓▓▓▓░░░░ 78.1% (1295/1465)
λ node_modules\expo-router\node\render.js ▓▓▓▓▓▓▓▓▓▓▓▓▓▓▓░ 95.9% (1808/1846)
λ Bundled 2611ms node_modules\expo-router\node\render.js (1906 modules)
λ  WARN  "shadow*" style props are deprecated. Use "boxShadow". 
  console.warn (C:\Users\Frank\CascadeProjects\BarBuddyPrototype\node_modules\@expo\cli\src\start\server\serverLogLikeMetro.ts:152:21)
  warnOnce (C:\Users\Frank\CascadeProjects\BarBuddyPrototype\node_modules\react-native-web\dist\modules\warnOnce\index.js:24:13)
  preprocess (C:\Users\Frank\CascadeProjects\BarBuddyPrototype\node_modules\react-native-web\dist\exports\StyleSheet\preprocess.js:136:13)
  compileAndInsertAtomic (C:\Users\Frank\CascadeProjects\BarBuddyPrototype\node_modules\react-native-web\dist\exports\StyleSheet\index.js:56:34)
  forEach (C:\Users\Frank\CascadeProjects\BarBuddyPrototype\node_modules\react-native-web\dist\exports\StyleSheet\index.js:99:26)
  Function.create (C:\Users\Frank\CascadeProjects\BarBuddyPrototype\node_modules\react-native-web\dist\exports\StyleSheet\index.js:87:23)
  factory (C:\Users\Frank\CascadeProjects\BarBuddyPrototype\node_modules\expo-router\build\views\Sitemap.js:128:42)
  loadModuleImplementation (C:\Users\Frank\CascadeProjects\BarBuddyPrototype\node_modules\metro-runtime\src\polyfills\require.js:277:5)
  guardedLoadModule (C:\Users\Frank\CascadeProjects\BarBuddyPrototype\node_modules\metro-runtime\src\polyfills\require.js:184:12)
λ  LOG  [API Client] Successfully loaded environment config
Failed to initialize log file: UnavailabilityError: The method or property expo-file-system.getInfoAsync is not available on web, are you sure you've linked all the native dependencies properly?
    at Object.getInfoAsync (C:\Users\Frank\CascadeProjects\BarBuddyPrototype\node_modules\expo-file-system\src\FileSystem.ts:69:11)
    at Logger.initLogFile (C:\Users\Frank\CascadeProjects\BarBuddyPrototype\modules\utils\logger.ts:50:41)
    at new Logger (C:\Users\Frank\CascadeProjects\BarBuddyPrototype\modules\utils\logger.ts:31:10)
    at Function.getInstance (C:\Users\Frank\CascadeProjects\BarBuddyPrototype\modules\utils\logger.ts:39:25)
    at factory (C:\Users\Frank\CascadeProjects\BarBuddyPrototype\modules\utils\logger.ts:220:30)
    at loadModuleImplementation (C:\Users\Frank\CascadeProjects\BarBuddyPrototype\node_modules\metro-runtime\src\polyfills\require.js:277:5)
    at guardedLoadModule (C:\Users\Frank\CascadeProjects\BarBuddyPrototype\node_modules\metro-runtime\src\polyfills\require.js:184:12)
    at require (C:\Users\Frank\CascadeProjects\BarBuddyPrototype\node_modules\metro-runtime\src\polyfills\require.js:92:7)
    at factory (C:\Users\Frank\CascadeProjects\BarBuddyPrototype\app\components\DebugLogScreen.tsx:3:1)
    at loadModuleImplementation (C:\Users\Frank\CascadeProjects\BarBuddyPrototype\node_modules\metro-runtime\src\polyfills\require.js:277:5) {
  code: 'ERR_UNAVAILABLE'
}
Web .\custom-entry.js ▓▓▓▓▓▓▓▓▓▓▓▓▓▓▓░ 95.2% (1556/1595)
λ  LOG  [API Client] Running in DEV environment
λ  LOG  [API Client] Cheerios API URL: http://192.168.68.129:8001
λ  LOG  [API Client] API Proxy URL: http://localhost:3000
λ  LOG  [API Client] CloudHub API URL: https://ch-api-dev-ooifid6utq-uc.a.run.app
λ  LOG  [API Client] Using proxy: true
λ  LOG  [API Client] Platform: web
λ  LOG  [Environment] Detected platform: web, isMobile: false
λ  LOG  [Environment] Running in dev environment
λ  LOG  [Environment] Active configuration: {
  env: 'dev',
  apiUrl: 'https://dev-api.example.com',
  proxyUrl: 'http://192.168.68.126:3000',
  cheeriosApiUrl: 'http://192.168.68.126:8001',
  cloudHubApiUrl: 'https://ch-api-dev-ooifid6utq-uc.a.run.app',
  useProxy: true
}
Web .\custom-entry.js ▓▓▓▓▓▓▓▓▓▓▓▓▓▓▓░ 95.2% (1556/1595)
Web Bundled 6048ms custom-entry.js (1595 modules)
Web Bundled 767ms custom-entry.js (1569 modules)
 LOG  [web] Logs will appear in the browser console
Web .\custom-entry.js ░░░░░░░░░░░░░░░░  0.0% (0/1)
λ Bundled 117ms node_modules\expo-router\node\render.js (1 module)
λ  WARN  "shadow*" style props are deprecated. Use "boxShadow". 
  console.warn (C:\Users\Frank\CascadeProjects\BarBuddyPrototype\node_modules\@expo\cli\src\start\server\serverLogLikeMetro.ts:152:21)
  warnOnce (C:\Users\Frank\CascadeProjects\BarBuddyPrototype\node_modules\react-native-web\dist\modules\warnOnce\index.js:24:13)
  preprocess (C:\Users\Frank\CascadeProjects\BarBuddyPrototype\node_modules\react-native-web\dist\exports\StyleSheet\preprocess.js:136:13)
  compileAndInsertAtomic (C:\Users\Frank\CascadeProjects\BarBuddyPrototype\node_modules\react-native-web\dist\exports\StyleSheet\index.js:56:34)
  forEach (C:\Users\Frank\CascadeProjects\BarBuddyPrototype\node_modules\react-native-web\dist\exports\StyleSheet\index.js:99:26)
  Function.create (C:\Users\Frank\CascadeProjects\BarBuddyPrototype\node_modules\react-native-web\dist\exports\StyleSheet\index.js:87:23)
  factory (C:\Users\Frank\CascadeProjects\BarBuddyPrototype\node_modules\expo-router\build\views\Sitemap.js:128:42)
  loadModuleImplementation (C:\Users\Frank\CascadeProjects\BarBuddyPrototype\node_modules\metro-runtime\src\polyfills\require.js:277:5)
  guardedLoadModule (C:\Users\Frank\CascadeProjects\BarBuddyPrototype\node_modules\metro-runtime\src\polyfills\require.js:184:12)
λ  LOG  [API Client] Successfully loaded environment config
Failed to initialize log file: UnavailabilityError: The method or property expo-file-system.getInfoAsync is not available on web, are you sure you've linked all the native dependencies properly?
    at Object.getInfoAsync (C:\Users\Frank\CascadeProjects\BarBuddyPrototype\node_modules\expo-file-system\src\FileSystem.ts:69:11)
    at Logger.initLogFile (C:\Users\Frank\CascadeProjects\BarBuddyPrototype\modules\utils\logger.ts:50:41)
    at new Logger (C:\Users\Frank\CascadeProjects\BarBuddyPrototype\modules\utils\logger.ts:31:10)
    at Function.getInstance (C:\Users\Frank\CascadeProjects\BarBuddyPrototype\modules\utils\logger.ts:39:25)
    at factory (C:\Users\Frank\CascadeProjects\BarBuddyPrototype\modules\utils\logger.ts:220:30)
    at loadModuleImplementation (C:\Users\Frank\CascadeProjects\BarBuddyPrototype\node_modules\metro-runtime\src\polyfills\require.js:277:5)
    at guardedLoadModule (C:\Users\Frank\CascadeProjects\BarBuddyPrototype\node_modules\metro-runtime\src\polyfills\require.js:184:12)
    at require (C:\Users\Frank\CascadeProjects\BarBuddyPrototype\node_modules\metro-runtime\src\polyfills\require.js:92:7)
    at factory (C:\Users\Frank\CascadeProjects\BarBuddyPrototype\app\components\DebugLogScreen.tsx:3:1)
    at loadModuleImplementation (C:\Users\Frank\CascadeProjects\BarBuddyPrototype\node_modules\metro-runtime\src\polyfills\require.js:277:5) {
  code: 'ERR_UNAVAILABLE'
}
λ  LOG  [API Client] Running in DEV environment
λ  LOG  [API Client] Cheerios API URL: http://192.168.68.129:8001
λ  LOG  [API Client] API Proxy URL: http://localhost:3000
λ  LOG  [API Client] CloudHub API URL: https://ch-api-dev-ooifid6utq-uc.a.run.app
λ  LOG  [API Client] Using proxy: true
λ  LOG  [API Client] Platform: web
λ  LOG  [Environment] Detected platform: web, isMobile: false
λ  LOG  [Environment] Running in dev environment
λ  LOG  [Environment] Active configuration: {
  env: 'dev',
  apiUrl: 'https://dev-api.example.com',
  proxyUrl: 'http://192.168.68.126:3000',
  cheeriosApiUrl: 'http://192.168.68.126:8001',
  cloudHubApiUrl: 'https://ch-api-dev-ooifid6utq-uc.a.run.app',
  useProxy: true
}
Web .\custom-entry.js ░░░░░░░░░░░░░░░░  0.0% (0/1)
Web Bundled 1008ms custom-entry.js (1 module)
Web Bundled 57ms custom-entry.js (1 module)
 LOG  [web] Logs will appear in the browser console
Web .\custom-entry.js ░░░░░░░░░░░░░░░░  0.0% (0/1)
λ Bundled 62ms node_modules\expo-router\node\render.js (1 module)
λ  WARN  "shadow*" style props are deprecated. Use "boxShadow". 
  console.warn (C:\Users\Frank\CascadeProjects\BarBuddyPrototype\node_modules\@expo\cli\src\start\server\serverLogLikeMetro.ts:152:21)
  warnOnce (C:\Users\Frank\CascadeProjects\BarBuddyPrototype\node_modules\react-native-web\dist\modules\warnOnce\index.js:24:13)
  preprocess (C:\Users\Frank\CascadeProjects\BarBuddyPrototype\node_modules\react-native-web\dist\exports\StyleSheet\preprocess.js:136:13)
  compileAndInsertAtomic (C:\Users\Frank\CascadeProjects\BarBuddyPrototype\node_modules\react-native-web\dist\exports\StyleSheet\index.js:56:34)
  forEach (C:\Users\Frank\CascadeProjects\BarBuddyPrototype\node_modules\react-native-web\dist\exports\StyleSheet\index.js:99:26)
  Function.create (C:\Users\Frank\CascadeProjects\BarBuddyPrototype\node_modules\react-native-web\dist\exports\StyleSheet\index.js:87:23)
  factory (C:\Users\Frank\CascadeProjects\BarBuddyPrototype\node_modules\expo-router\build\views\Sitemap.js:128:42)
  loadModuleImplementation (C:\Users\Frank\CascadeProjects\BarBuddyPrototype\node_modules\metro-runtime\src\polyfills\require.js:277:5)
  guardedLoadModule (C:\Users\Frank\CascadeProjects\BarBuddyPrototype\node_modules\metro-runtime\src\polyfills\require.js:184:12)
λ  LOG  [API Client] Successfully loaded environment config
Failed to initialize log file: UnavailabilityError: The method or property expo-file-system.getInfoAsync is not available on web, are you sure you've linked all the native dependencies properly?
    at Object.getInfoAsync (C:\Users\Frank\CascadeProjects\BarBuddyPrototype\node_modules\expo-file-system\src\FileSystem.ts:69:11)
    at Logger.initLogFile (C:\Users\Frank\CascadeProjects\BarBuddyPrototype\modules\utils\logger.ts:50:41)
    at new Logger (C:\Users\Frank\CascadeProjects\BarBuddyPrototype\modules\utils\logger.ts:31:10)
    at Function.getInstance (C:\Users\Frank\CascadeProjects\BarBuddyPrototype\modules\utils\logger.ts:39:25)
    at factory (C:\Users\Frank\CascadeProjects\BarBuddyPrototype\modules\utils\logger.ts:220:30)
    at loadModuleImplementation (C:\Users\Frank\CascadeProjects\BarBuddyPrototype\node_modules\metro-runtime\src\polyfills\require.js:277:5)
    at guardedLoadModule (C:\Users\Frank\CascadeProjects\BarBuddyPrototype\node_modules\metro-runtime\src\polyfills\require.js:184:12)
    at require (C:\Users\Frank\CascadeProjects\BarBuddyPrototype\node_modules\metro-runtime\src\polyfills\require.js:92:7)
    at factory (C:\Users\Frank\CascadeProjects\BarBuddyPrototype\app\components\DebugLogScreen.tsx:3:1)
    at loadModuleImplementation (C:\Users\Frank\CascadeProjects\BarBuddyPrototype\node_modules\metro-runtime\src\polyfills\require.js:277:5) {
  code: 'ERR_UNAVAILABLE'
}
λ  LOG  [API Client] Running in DEV environment
λ  LOG  [API Client] Cheerios API URL: http://192.168.68.129:8001
λ  LOG  [API Client] API Proxy URL: http://localhost:3000
λ  LOG  [API Client] CloudHub API URL: https://ch-api-dev-ooifid6utq-uc.a.run.app
λ  LOG  [API Client] Using proxy: true
λ  LOG  [API Client] Platform: web
λ  LOG  [Environment] Detected platform: web, isMobile: false
λ  LOG  [Environment] Running in dev environment
λ  LOG  [Environment] Active configuration: {
  env: 'dev',
  apiUrl: 'https://dev-api.example.com',
  proxyUrl: 'http://192.168.68.126:3000',
  cheeriosApiUrl: 'http://192.168.68.126:8001',
  cloudHubApiUrl: 'https://ch-api-dev-ooifid6utq-uc.a.run.app',
  useProxy: true
}
Web .\custom-entry.js ░░░░░░░░░░░░░░░░  0.0% (0/1)
Web Bundled 1331ms custom-entry.js (1 module)
 ERROR  SyntaxError: C:\Users\Frank\CascadeProjects\BarBuddyPrototype\modules\api-proxy\services\apiProxyService.ts: Missing catch or finally clause. (237:6)

  235 |       }
  236 |       
> 237 |       try {
      |       ^
  238 |         // Add appropriate authentication headers
  239 |         if (USE_PROXY && Platform.OS === 'web') {
  240 |           // For web using proxy, add a client type header
